<?xml version="1.0" encoding="UTF-8"?>
<!-- Generated by org.testng.reporters.JUnitReportReporter -->
<testsuite skipped="0" hostname="Ankur3147469" name="com.ankur.tests.LoginTest" tests="1" failures="0" timestamp="10 Apr 2020 18:00:59 GMT" time="7.803" errors="0">
  <testcase name="login" time="7.803" classname="com.ankur.tests.LoginTest"/>
</testsuite> <!-- com.ankur.tests.LoginTest -->
