<?xml version="1.0" encoding="UTF-8"?>
<!-- Generated by org.testng.reporters.JUnitReportReporter -->
<testsuite skipped="0" hostname="Ankur3147469" name="com.ankur.tests.ItemComparisonTest" tests="1" failures="0" timestamp="10 Apr 2020 18:00:59 GMT" time="7.452" errors="0">
  <testcase name="compareItemName" time="7.452" classname="com.ankur.tests.ItemComparisonTest"/>
</testsuite> <!-- com.ankur.tests.ItemComparisonTest -->
